<?xml version="1.0" encoding="UTF-8"?>
<!-- Generated by org.testng.reporters.JUnitXMLReporter -->
<testsuite ignored="0" hostname="Pratik" failures="0" tests="12" name="Default test" time="8.368" errors="0" timestamp="2024-03-01T16:29:49 IST">
  <testcase classname="TestCases.RegisterPage" name="ValidateFirstPassword" time="0.156"/>
  <testcase classname="TestCases.RegisterPage" name="ValidateSecondPassword" time="0.144"/>
  <testcase classname="TestCases.RegisterPage" name="ValidateTel" time="0.12"/>
  <testcase classname="TestCases.RegisterPage" name="Validate_DOB" time="0.274"/>
  <testcase classname="TestCases.RegisterPage" name="Validate_Hobbies" time="0.39"/>
  <testcase classname="TestCases.RegisterPage" name="Validate_Skill" time="0.148"/>
  <testcase classname="TestCases.RegisterPage" name="Validate_Submit_button" time="0.023"/>
  <testcase classname="TestCases.RegisterPage" name="Validateaddress" time="0.143"/>
  <testcase classname="TestCases.RegisterPage" name="Validategender" time="0.109"/>
  <testcase classname="TestCases.RegisterPage" name="validateEmailTest" time="0.145"/>
  <testcase classname="TestCases.RegisterPage" name="validateFirstLastNameTest" time="0.257"/>
  <testcase classname="TestCases.RegisterPage" name="validateRegTitle" time="0.017"/>
</testsuite> <!-- Default test -->
