<?xml version="1.0" encoding="UTF-8"?>
<testsuite xmlns:xsi="http://www.w3.org/2001/XMLSchema-instance" xsi:schemaLocation="https://maven.apache.org/surefire/maven-surefire-plugin/xsd/surefire-test-report.xsd" name="TestSuite" time="71.752" tests="23" errors="0" skipped="0" failures="0">
  <properties>
[...]
</properties>
  <testcase name="validateWindowTitle" classname="TestCases.WindowPage" time="0.011"/>
  <testcase name="validatemultiplewindowTest" classname="TestCases.WindowPage" time="7.303"/>
  <testcase name="ValidateFramePagelogo" classname="TestCases.FramesPage" time="0.068"/>
  <testcase name="validateFrameTitle" classname="TestCases.FramesPage" time="0.411"/>
  <testcase name="validateFrames" classname="TestCases.FramesPage" time="14.332"/>
  <testcase name="Validatedatepicker" classname="TestCases.Datepicker" time="6.01"/>
  <testcase name="validateDateTitle" classname="TestCases.Datepicker" time="0.005"/>
  <testcase name="ValidateAlertPageTitle" classname="TestCases.AlertPage" time="0.011"/>
  <testcase name="validateAlertwithOK" classname="TestCases.AlertPage" time="0.054"/>
  <testcase name="validatealertwithokandcancel" classname="TestCases.AlertPage" time="0.103"/>
  <testcase name="validatealertwithtextbox" classname="TestCases.AlertPage" time="0.107"/>
  <testcase name="ValidateFirstPassword" classname="TestCases.RegisterPage" time="0.113"/>
  <testcase name="ValidateSecondPassword" classname="TestCases.RegisterPage" time="0.082"/>
  <testcase name="ValidateTel" classname="TestCases.RegisterPage" time="0.067"/>
  <testcase name="Validate_DOB" classname="TestCases.RegisterPage" time="0.159"/>
  <testcase name="Validate_Hobbies" classname="TestCases.RegisterPage" time="0.144"/>
  <testcase name="Validate_Skill" classname="TestCases.RegisterPage" time="0.073"/>
  <testcase name="Validate_Submit_button" classname="TestCases.RegisterPage" time="0.012"/>
  <testcase name="Validateaddress" classname="TestCases.RegisterPage" time="0.078"/>
  <testcase name="Validategender" classname="TestCases.RegisterPage" time="0.075"/>
  <testcase name="validateEmailTest" classname="TestCases.RegisterPage" time="0.149"/>
  <testcase name="validateFirstLastNameTest" classname="TestCases.RegisterPage" time="0.13"/>
  <testcase name="validateRegTitle" classname="TestCases.RegisterPage" time="0.005"/>
</testsuite>