<?xml version="1.0" encoding="UTF-8"?>
<testng-results ignored="0" total="23" passed="23" failed="0" skipped="0">
  <reporter-output>
  </reporter-output>
  <suite started-at="2021-11-11T02:07:41Z" name="Suite" finished-at="2021-11-11T02:08:51Z" duration-ms="70127">
    <groups>
    </groups>
    <test started-at="2021-11-11T02:07:41Z" name="Test" finished-at="2021-11-11T02:08:51Z" duration-ms="70127">
      <class name="TestCases.Datepicker">
        <test-method is-config="true" signature="setUp()[pri:0, instance:TestCases.Datepicker@5ddf0d24]" started-at="2021-11-11T02:08:19Z" name="setUp" finished-at="2021-11-11T02:08:29Z" duration-ms="9881" status="PASS">
          <reporter-output>
          </reporter-output>
        </test-method> <!-- setUp -->
        <test-method signature="Validatedatepicker()[pri:0, instance:TestCases.Datepicker@5ddf0d24]" started-at="2021-11-11T02:08:29Z" name="Validatedatepicker" finished-at="2021-11-11T02:08:35Z" duration-ms="6010" status="PASS">
          <reporter-output>
          </reporter-output>
        </test-method> <!-- Validatedatepicker -->
        <test-method signature="validateDateTitle()[pri:0, instance:TestCases.Datepicker@5ddf0d24]" started-at="2021-11-11T02:08:35Z" name="validateDateTitle" finished-at="2021-11-11T02:08:35Z" duration-ms="6" status="PASS">
          <reporter-output>
          </reporter-output>
        </test-method> <!-- validateDateTitle -->
        <test-method is-config="true" signature="tearDown()[pri:0, instance:TestCases.Datepicker@5ddf0d24]" started-at="2021-11-11T02:08:35Z" name="tearDown" finished-at="2021-11-11T02:08:35Z" duration-ms="157" status="PASS">
          <reporter-output>
          </reporter-output>
        </test-method> <!-- tearDown -->
      </class> <!-- TestCases.Datepicker -->
      <class name="TestCases.AlertPage">
        <test-method is-config="true" signature="setUp()[pri:0, instance:TestCases.AlertPage@363a52f]" started-at="2021-11-11T02:08:35Z" name="setUp" finished-at="2021-11-11T02:08:43Z" duration-ms="7220" status="PASS">
          <reporter-output>
          </reporter-output>
        </test-method> <!-- setUp -->
        <test-method signature="ValidateAlertPageTitle()[pri:0, instance:TestCases.AlertPage@363a52f]" started-at="2021-11-11T02:08:43Z" name="ValidateAlertPageTitle" finished-at="2021-11-11T02:08:43Z" duration-ms="11" status="PASS">
          <reporter-output>
          </reporter-output>
        </test-method> <!-- ValidateAlertPageTitle -->
        <test-method signature="validateAlertwithOK()[pri:0, instance:TestCases.AlertPage@363a52f]" started-at="2021-11-11T02:08:43Z" name="validateAlertwithOK" finished-at="2021-11-11T02:08:43Z" duration-ms="54" status="PASS">
          <reporter-output>
          </reporter-output>
        </test-method> <!-- validateAlertwithOK -->
        <test-method signature="validatealertwithokandcancel()[pri:0, instance:TestCases.AlertPage@363a52f]" started-at="2021-11-11T02:08:43Z" name="validatealertwithokandcancel" finished-at="2021-11-11T02:08:43Z" duration-ms="104" status="PASS">
          <reporter-output>
          </reporter-output>
        </test-method> <!-- validatealertwithokandcancel -->
        <test-method signature="validatealertwithtextbox()[pri:0, instance:TestCases.AlertPage@363a52f]" started-at="2021-11-11T02:08:43Z" name="validatealertwithtextbox" finished-at="2021-11-11T02:08:43Z" duration-ms="108" status="PASS">
          <reporter-output>
          </reporter-output>
        </test-method> <!-- validatealertwithtextbox -->
        <test-method is-config="true" signature="tearDown()[pri:0, instance:TestCases.AlertPage@363a52f]" started-at="2021-11-11T02:08:43Z" name="tearDown" finished-at="2021-11-11T02:08:43Z" duration-ms="73" status="PASS">
          <reporter-output>
          </reporter-output>
        </test-method> <!-- tearDown -->
      </class> <!-- TestCases.AlertPage -->
      <class name="TestCases.FramesPage">
        <test-method is-config="true" signature="setUp()[pri:0, instance:TestCases.FramesPage@e383572]" started-at="2021-11-11T02:07:58Z" name="setUp" finished-at="2021-11-11T02:08:04Z" duration-ms="6816" status="PASS">
          <reporter-output>
          </reporter-output>
        </test-method> <!-- setUp -->
        <test-method signature="ValidateFramePagelogo()[pri:0, instance:TestCases.FramesPage@e383572]" started-at="2021-11-11T02:08:04Z" name="ValidateFramePagelogo" finished-at="2021-11-11T02:08:05Z" duration-ms="67" status="PASS">
          <reporter-output>
          </reporter-output>
        </test-method> <!-- ValidateFramePagelogo -->
        <test-method signature="validateFrameTitle()[pri:0, instance:TestCases.FramesPage@e383572]" started-at="2021-11-11T02:08:05Z" name="validateFrameTitle" finished-at="2021-11-11T02:08:05Z" duration-ms="411" status="PASS">
          <reporter-output>
          </reporter-output>
        </test-method> <!-- validateFrameTitle -->
        <test-method signature="validateFrames()[pri:0, instance:TestCases.FramesPage@e383572]" started-at="2021-11-11T02:08:05Z" name="validateFrames" finished-at="2021-11-11T02:08:19Z" duration-ms="14331" status="PASS">
          <reporter-output>
          </reporter-output>
        </test-method> <!-- validateFrames -->
        <test-method is-config="true" signature="tearDown()[pri:0, instance:TestCases.FramesPage@e383572]" started-at="2021-11-11T02:08:19Z" name="tearDown" finished-at="2021-11-11T02:08:19Z" duration-ms="82" status="PASS">
          <reporter-output>
          </reporter-output>
        </test-method> <!-- tearDown -->
      </class> <!-- TestCases.FramesPage -->
      <class name="TestCases.WindowPage">
        <test-method is-config="true" signature="setUp()[pri:0, instance:TestCases.WindowPage@130e116b]" started-at="2021-11-11T02:07:41Z" name="setUp" finished-at="2021-11-11T02:07:50Z" duration-ms="8890" status="PASS">
          <reporter-output>
          </reporter-output>
        </test-method> <!-- setUp -->
        <test-method signature="validateWindowTitle()[pri:0, instance:TestCases.WindowPage@130e116b]" started-at="2021-11-11T02:07:50Z" name="validateWindowTitle" finished-at="2021-11-11T02:07:50Z" duration-ms="10" status="PASS">
          <reporter-output>
          </reporter-output>
        </test-method> <!-- validateWindowTitle -->
        <test-method signature="validatemultiplewindowTest()[pri:0, instance:TestCases.WindowPage@130e116b]" started-at="2021-11-11T02:07:50Z" name="validatemultiplewindowTest" finished-at="2021-11-11T02:07:58Z" duration-ms="7305" status="PASS">
          <reporter-output>
          </reporter-output>
        </test-method> <!-- validatemultiplewindowTest -->
        <test-method is-config="true" signature="tearDown()[pri:0, instance:TestCases.WindowPage@130e116b]" started-at="2021-11-11T02:07:58Z" name="tearDown" finished-at="2021-11-11T02:07:58Z" duration-ms="126" status="PASS">
          <reporter-output>
          </reporter-output>
        </test-method> <!-- tearDown -->
      </class> <!-- TestCases.WindowPage -->
      <class name="TestCases.RegisterPage">
        <test-method is-config="true" signature="setUp()[pri:0, instance:TestCases.RegisterPage@60856961]" started-at="2021-11-11T02:08:43Z" name="setUp" finished-at="2021-11-11T02:08:50Z" duration-ms="7237" status="PASS">
          <reporter-output>
          </reporter-output>
        </test-method> <!-- setUp -->
        <test-method signature="ValidateFirstPassword()[pri:0, instance:TestCases.RegisterPage@60856961]" started-at="2021-11-11T02:08:50Z" name="ValidateFirstPassword" finished-at="2021-11-11T02:08:50Z" duration-ms="113" status="PASS">
          <reporter-output>
          </reporter-output>
        </test-method> <!-- ValidateFirstPassword -->
        <test-method signature="ValidateSecondPassword()[pri:0, instance:TestCases.RegisterPage@60856961]" started-at="2021-11-11T02:08:50Z" name="ValidateSecondPassword" finished-at="2021-11-11T02:08:50Z" duration-ms="82" status="PASS">
          <reporter-output>
          </reporter-output>
        </test-method> <!-- ValidateSecondPassword -->
        <test-method signature="ValidateTel()[pri:0, instance:TestCases.RegisterPage@60856961]" started-at="2021-11-11T02:08:50Z" name="ValidateTel" finished-at="2021-11-11T02:08:50Z" duration-ms="67" status="PASS">
          <reporter-output>
          </reporter-output>
        </test-method> <!-- ValidateTel -->
        <test-method signature="Validate_DOB()[pri:0, instance:TestCases.RegisterPage@60856961]" started-at="2021-11-11T02:08:50Z" name="Validate_DOB" finished-at="2021-11-11T02:08:51Z" duration-ms="158" status="PASS">
          <reporter-output>
          </reporter-output>
        </test-method> <!-- Validate_DOB -->
        <test-method signature="Validate_Hobbies()[pri:0, instance:TestCases.RegisterPage@60856961]" started-at="2021-11-11T02:08:51Z" name="Validate_Hobbies" finished-at="2021-11-11T02:08:51Z" duration-ms="144" status="PASS">
          <reporter-output>
          </reporter-output>
        </test-method> <!-- Validate_Hobbies -->
        <test-method signature="Validate_Skill()[pri:0, instance:TestCases.RegisterPage@60856961]" started-at="2021-11-11T02:08:51Z" name="Validate_Skill" finished-at="2021-11-11T02:08:51Z" duration-ms="72" status="PASS">
          <reporter-output>
          </reporter-output>
        </test-method> <!-- Validate_Skill -->
        <test-method signature="Validate_Submit_button()[pri:0, instance:TestCases.RegisterPage@60856961]" started-at="2021-11-11T02:08:51Z" name="Validate_Submit_button" finished-at="2021-11-11T02:08:51Z" duration-ms="11" status="PASS">
          <reporter-output>
          </reporter-output>
        </test-method> <!-- Validate_Submit_button -->
        <test-method signature="Validateaddress()[pri:0, instance:TestCases.RegisterPage@60856961]" started-at="2021-11-11T02:08:51Z" name="Validateaddress" finished-at="2021-11-11T02:08:51Z" duration-ms="79" status="PASS">
          <reporter-output>
          </reporter-output>
        </test-method> <!-- Validateaddress -->
        <test-method signature="Validategender()[pri:0, instance:TestCases.RegisterPage@60856961]" started-at="2021-11-11T02:08:51Z" name="Validategender" finished-at="2021-11-11T02:08:51Z" duration-ms="75" status="PASS">
          <reporter-output>
          </reporter-output>
        </test-method> <!-- Validategender -->
        <test-method signature="validateEmailTest()[pri:0, instance:TestCases.RegisterPage@60856961]" started-at="2021-11-11T02:08:51Z" name="validateEmailTest" finished-at="2021-11-11T02:08:51Z" duration-ms="149" status="PASS">
          <reporter-output>
          </reporter-output>
        </test-method> <!-- validateEmailTest -->
        <test-method signature="validateFirstLastNameTest()[pri:0, instance:TestCases.RegisterPage@60856961]" started-at="2021-11-11T02:08:51Z" name="validateFirstLastNameTest" finished-at="2021-11-11T02:08:51Z" duration-ms="130" status="PASS">
          <reporter-output>
          </reporter-output>
        </test-method> <!-- validateFirstLastNameTest -->
        <test-method signature="validateRegTitle()[pri:0, instance:TestCases.RegisterPage@60856961]" started-at="2021-11-11T02:08:51Z" name="validateRegTitle" finished-at="2021-11-11T02:08:51Z" duration-ms="5" status="PASS">
          <reporter-output>
          </reporter-output>
        </test-method> <!-- validateRegTitle -->
        <test-method is-config="true" signature="tearDown()[pri:0, instance:TestCases.RegisterPage@60856961]" started-at="2021-11-11T02:08:51Z" name="tearDown" finished-at="2021-11-11T02:08:51Z" duration-ms="113" status="PASS">
          <reporter-output>
          </reporter-output>
        </test-method> <!-- tearDown -->
      </class> <!-- TestCases.RegisterPage -->
    </test> <!-- Test -->
  </suite> <!-- Suite -->
</testng-results>
