<?xml version="1.0" encoding="UTF-8"?>
<testng-results ignored="0" total="23" passed="23" failed="0" skipped="0">
  <reporter-output>
  </reporter-output>
  <suite started-at="2024-03-01T16:30:07 IST" name="Suite" finished-at="2024-03-01T16:31:18 IST" duration-ms="71676">
    <groups>
    </groups>
    <test started-at="2024-03-01T16:30:07 IST" name="Test" finished-at="2024-03-01T16:31:18 IST" duration-ms="71676">
      <class name="TestCases.Datepicker">
        <test-method is-config="true" signature="setUp()[pri:0, instance:TestCases.Datepicker@1be2019a]" started-at="2024-03-01T16:31:04 IST" name="setUp" finished-at="2024-03-01T16:31:09 IST" duration-ms="5184" status="PASS">
          <reporter-output>
          </reporter-output>
        </test-method> <!-- setUp -->
        <test-method signature="Validatedatepicker()[pri:0, instance:TestCases.Datepicker@1be2019a]" started-at="2024-03-01T16:31:09 IST" name="Validatedatepicker" finished-at="2024-03-01T16:31:11 IST" duration-ms="2253" status="PASS">
          <reporter-output>
          </reporter-output>
        </test-method> <!-- Validatedatepicker -->
        <test-method signature="validateDateTitle()[pri:0, instance:TestCases.Datepicker@1be2019a]" started-at="2024-03-01T16:31:11 IST" name="validateDateTitle" finished-at="2024-03-01T16:31:11 IST" duration-ms="14" status="PASS">
          <reporter-output>
          </reporter-output>
        </test-method> <!-- validateDateTitle -->
        <test-method is-config="true" signature="tearDown()[pri:0, instance:TestCases.Datepicker@1be2019a]" started-at="2024-03-01T16:31:11 IST" name="tearDown" finished-at="2024-03-01T16:31:11 IST" duration-ms="277" status="PASS">
          <reporter-output>
          </reporter-output>
        </test-method> <!-- tearDown -->
      </class> <!-- TestCases.Datepicker -->
      <class name="TestCases.AlertPage">
        <test-method is-config="true" signature="setUp()[pri:0, instance:TestCases.AlertPage@7a5ceedd]" started-at="2024-03-01T16:30:07 IST" name="setUp" finished-at="2024-03-01T16:30:12 IST" duration-ms="5510" status="PASS">
          <reporter-output>
          </reporter-output>
        </test-method> <!-- setUp -->
        <test-method signature="ValidateAlertPageTitle()[pri:0, instance:TestCases.AlertPage@7a5ceedd]" started-at="2024-03-01T16:30:12 IST" name="ValidateAlertPageTitle" finished-at="2024-03-01T16:30:12 IST" duration-ms="32" status="PASS">
          <reporter-output>
          </reporter-output>
        </test-method> <!-- ValidateAlertPageTitle -->
        <test-method signature="validateAlertwithOK()[pri:0, instance:TestCases.AlertPage@7a5ceedd]" started-at="2024-03-01T16:30:12 IST" name="validateAlertwithOK" finished-at="2024-03-01T16:30:12 IST" duration-ms="145" status="PASS">
          <reporter-output>
          </reporter-output>
        </test-method> <!-- validateAlertwithOK -->
        <test-method signature="validatealertwithokandcancel()[pri:0, instance:TestCases.AlertPage@7a5ceedd]" started-at="2024-03-01T16:30:12 IST" name="validatealertwithokandcancel" finished-at="2024-03-01T16:30:13 IST" duration-ms="217" status="PASS">
          <reporter-output>
          </reporter-output>
        </test-method> <!-- validatealertwithokandcancel -->
        <test-method signature="validatealertwithtextbox()[pri:0, instance:TestCases.AlertPage@7a5ceedd]" started-at="2024-03-01T16:30:13 IST" name="validatealertwithtextbox" finished-at="2024-03-01T16:30:13 IST" duration-ms="187" status="PASS">
          <reporter-output>
          </reporter-output>
        </test-method> <!-- validatealertwithtextbox -->
        <test-method is-config="true" signature="tearDown()[pri:0, instance:TestCases.AlertPage@7a5ceedd]" started-at="2024-03-01T16:30:13 IST" name="tearDown" finished-at="2024-03-01T16:30:13 IST" duration-ms="381" status="PASS">
          <reporter-output>
          </reporter-output>
        </test-method> <!-- tearDown -->
      </class> <!-- TestCases.AlertPage -->
      <class name="TestCases.FramesPage">
        <test-method is-config="true" signature="setUp()[pri:0, instance:TestCases.FramesPage@6f15d60e]" started-at="2024-03-01T16:30:23 IST" name="setUp" finished-at="2024-03-01T16:30:28 IST" duration-ms="5005" status="PASS">
          <reporter-output>
          </reporter-output>
        </test-method> <!-- setUp -->
        <test-method signature="ValidateFramePagelogo()[pri:0, instance:TestCases.FramesPage@6f15d60e]" started-at="2024-03-01T16:30:28 IST" name="ValidateFramePagelogo" finished-at="2024-03-01T16:30:28 IST" duration-ms="96" status="PASS">
          <reporter-output>
          </reporter-output>
        </test-method> <!-- ValidateFramePagelogo -->
        <test-method signature="validateFrameTitle()[pri:0, instance:TestCases.FramesPage@6f15d60e]" started-at="2024-03-01T16:30:28 IST" name="validateFrameTitle" finished-at="2024-03-01T16:30:29 IST" duration-ms="869" status="PASS">
          <reporter-output>
          </reporter-output>
        </test-method> <!-- validateFrameTitle -->
        <test-method signature="validateFrames()[pri:0, instance:TestCases.FramesPage@6f15d60e]" started-at="2024-03-01T16:30:29 IST" name="validateFrames" finished-at="2024-03-01T16:31:03 IST" duration-ms="34491" status="PASS">
          <reporter-output>
          </reporter-output>
        </test-method> <!-- validateFrames -->
        <test-method is-config="true" signature="tearDown()[pri:0, instance:TestCases.FramesPage@6f15d60e]" started-at="2024-03-01T16:31:03 IST" name="tearDown" finished-at="2024-03-01T16:31:04 IST" duration-ms="450" status="PASS">
          <reporter-output>
          </reporter-output>
        </test-method> <!-- tearDown -->
      </class> <!-- TestCases.FramesPage -->
      <class name="TestCases.WindowPage">
        <test-method is-config="true" signature="setUp()[pri:0, instance:TestCases.WindowPage@740fb309]" started-at="2024-03-01T16:30:13 IST" name="setUp" finished-at="2024-03-01T16:30:18 IST" duration-ms="4782" status="PASS">
          <reporter-output>
          </reporter-output>
        </test-method> <!-- setUp -->
        <test-method signature="validateWindowTitle()[pri:0, instance:TestCases.WindowPage@740fb309]" started-at="2024-03-01T16:30:18 IST" name="validateWindowTitle" finished-at="2024-03-01T16:30:18 IST" duration-ms="32" status="PASS">
          <reporter-output>
          </reporter-output>
        </test-method> <!-- validateWindowTitle -->
        <test-method signature="validatemultiplewindowTest()[pri:0, instance:TestCases.WindowPage@740fb309]" started-at="2024-03-01T16:30:18 IST" name="validatemultiplewindowTest" finished-at="2024-03-01T16:30:22 IST" duration-ms="4484" status="PASS">
          <reporter-output>
          </reporter-output>
        </test-method> <!-- validatemultiplewindowTest -->
        <test-method is-config="true" signature="tearDown()[pri:0, instance:TestCases.WindowPage@740fb309]" started-at="2024-03-01T16:30:22 IST" name="tearDown" finished-at="2024-03-01T16:30:23 IST" duration-ms="446" status="PASS">
          <reporter-output>
          </reporter-output>
        </test-method> <!-- tearDown -->
      </class> <!-- TestCases.WindowPage -->
      <class name="TestCases.RegisterPage">
        <test-method is-config="true" signature="setUp()[pri:0, instance:TestCases.RegisterPage@29d80d2b]" started-at="2024-03-01T16:31:11 IST" name="setUp" finished-at="2024-03-01T16:31:16 IST" duration-ms="4573" status="PASS">
          <reporter-output>
          </reporter-output>
        </test-method> <!-- setUp -->
        <test-method signature="ValidateFirstPassword()[pri:0, instance:TestCases.RegisterPage@29d80d2b]" started-at="2024-03-01T16:31:16 IST" name="ValidateFirstPassword" finished-at="2024-03-01T16:31:16 IST" duration-ms="179" status="PASS">
          <reporter-output>
          </reporter-output>
        </test-method> <!-- ValidateFirstPassword -->
        <test-method signature="ValidateSecondPassword()[pri:0, instance:TestCases.RegisterPage@29d80d2b]" started-at="2024-03-01T16:31:16 IST" name="ValidateSecondPassword" finished-at="2024-03-01T16:31:16 IST" duration-ms="127" status="PASS">
          <reporter-output>
          </reporter-output>
        </test-method> <!-- ValidateSecondPassword -->
        <test-method signature="ValidateTel()[pri:0, instance:TestCases.RegisterPage@29d80d2b]" started-at="2024-03-01T16:31:16 IST" name="ValidateTel" finished-at="2024-03-01T16:31:16 IST" duration-ms="117" status="PASS">
          <reporter-output>
          </reporter-output>
        </test-method> <!-- ValidateTel -->
        <test-method signature="Validate_DOB()[pri:0, instance:TestCases.RegisterPage@29d80d2b]" started-at="2024-03-01T16:31:16 IST" name="Validate_DOB" finished-at="2024-03-01T16:31:17 IST" duration-ms="265" status="PASS">
          <reporter-output>
          </reporter-output>
        </test-method> <!-- Validate_DOB -->
        <test-method signature="Validate_Hobbies()[pri:0, instance:TestCases.RegisterPage@29d80d2b]" started-at="2024-03-01T16:31:17 IST" name="Validate_Hobbies" finished-at="2024-03-01T16:31:17 IST" duration-ms="286" status="PASS">
          <reporter-output>
          </reporter-output>
        </test-method> <!-- Validate_Hobbies -->
        <test-method signature="Validate_Skill()[pri:0, instance:TestCases.RegisterPage@29d80d2b]" started-at="2024-03-01T16:31:17 IST" name="Validate_Skill" finished-at="2024-03-01T16:31:17 IST" duration-ms="152" status="PASS">
          <reporter-output>
          </reporter-output>
        </test-method> <!-- Validate_Skill -->
        <test-method signature="Validate_Submit_button()[pri:0, instance:TestCases.RegisterPage@29d80d2b]" started-at="2024-03-01T16:31:17 IST" name="Validate_Submit_button" finished-at="2024-03-01T16:31:17 IST" duration-ms="23" status="PASS">
          <reporter-output>
          </reporter-output>
        </test-method> <!-- Validate_Submit_button -->
        <test-method signature="Validateaddress()[pri:0, instance:TestCases.RegisterPage@29d80d2b]" started-at="2024-03-01T16:31:17 IST" name="Validateaddress" finished-at="2024-03-01T16:31:17 IST" duration-ms="190" status="PASS">
          <reporter-output>
          </reporter-output>
        </test-method> <!-- Validateaddress -->
        <test-method signature="Validategender()[pri:0, instance:TestCases.RegisterPage@29d80d2b]" started-at="2024-03-01T16:31:17 IST" name="Validategender" finished-at="2024-03-01T16:31:18 IST" duration-ms="85" status="PASS">
          <reporter-output>
          </reporter-output>
        </test-method> <!-- Validategender -->
        <test-method signature="validateEmailTest()[pri:0, instance:TestCases.RegisterPage@29d80d2b]" started-at="2024-03-01T16:31:18 IST" name="validateEmailTest" finished-at="2024-03-01T16:31:18 IST" duration-ms="112" status="PASS">
          <reporter-output>
          </reporter-output>
        </test-method> <!-- validateEmailTest -->
        <test-method signature="validateFirstLastNameTest()[pri:0, instance:TestCases.RegisterPage@29d80d2b]" started-at="2024-03-01T16:31:18 IST" name="validateFirstLastNameTest" finished-at="2024-03-01T16:31:18 IST" duration-ms="254" status="PASS">
          <reporter-output>
          </reporter-output>
        </test-method> <!-- validateFirstLastNameTest -->
        <test-method signature="validateRegTitle()[pri:0, instance:TestCases.RegisterPage@29d80d2b]" started-at="2024-03-01T16:31:18 IST" name="validateRegTitle" finished-at="2024-03-01T16:31:18 IST" duration-ms="13" status="PASS">
          <reporter-output>
          </reporter-output>
        </test-method> <!-- validateRegTitle -->
        <test-method is-config="true" signature="tearDown()[pri:0, instance:TestCases.RegisterPage@29d80d2b]" started-at="2024-03-01T16:31:18 IST" name="tearDown" finished-at="2024-03-01T16:31:18 IST" duration-ms="339" status="PASS">
          <reporter-output>
          </reporter-output>
        </test-method> <!-- tearDown -->
      </class> <!-- TestCases.RegisterPage -->
    </test> <!-- Test -->
  </suite> <!-- Suite -->
</testng-results>
