<?xml version="1.0" encoding="UTF-8"?>
<!-- Generated by org.testng.reporters.JUnitXMLReporter -->
<testsuite ignored="0" hostname="Pratik" failures="0" tests="23" name="Test" time="71.676" errors="0" timestamp="2024-03-01T16:31:18 IST">
  <testcase classname="TestCases.AlertPage" name="ValidateAlertPageTitle" time="0.032"/>
  <testcase classname="TestCases.AlertPage" name="validateAlertwithOK" time="0.145"/>
  <testcase classname="TestCases.AlertPage" name="validatealertwithokandcancel" time="0.217"/>
  <testcase classname="TestCases.AlertPage" name="validatealertwithtextbox" time="0.187"/>
  <testcase classname="TestCases.WindowPage" name="validateWindowTitle" time="0.032"/>
  <testcase classname="TestCases.WindowPage" name="validatemultiplewindowTest" time="4.484"/>
  <testcase classname="TestCases.FramesPage" name="ValidateFramePagelogo" time="0.096"/>
  <testcase classname="TestCases.FramesPage" name="validateFrameTitle" time="0.869"/>
  <testcase classname="TestCases.FramesPage" name="validateFrames" time="34.491"/>
  <testcase classname="TestCases.Datepicker" name="Validatedatepicker" time="2.253"/>
  <testcase classname="TestCases.Datepicker" name="validateDateTitle" time="0.014"/>
  <testcase classname="TestCases.RegisterPage" name="ValidateFirstPassword" time="0.179"/>
  <testcase classname="TestCases.RegisterPage" name="ValidateSecondPassword" time="0.127"/>
  <testcase classname="TestCases.RegisterPage" name="ValidateTel" time="0.117"/>
  <testcase classname="TestCases.RegisterPage" name="Validate_DOB" time="0.265"/>
  <testcase classname="TestCases.RegisterPage" name="Validate_Hobbies" time="0.286"/>
  <testcase classname="TestCases.RegisterPage" name="Validate_Skill" time="0.152"/>
  <testcase classname="TestCases.RegisterPage" name="Validate_Submit_button" time="0.023"/>
  <testcase classname="TestCases.RegisterPage" name="Validateaddress" time="0.19"/>
  <testcase classname="TestCases.RegisterPage" name="Validategender" time="0.085"/>
  <testcase classname="TestCases.RegisterPage" name="validateEmailTest" time="0.112"/>
  <testcase classname="TestCases.RegisterPage" name="validateFirstLastNameTest" time="0.254"/>
  <testcase classname="TestCases.RegisterPage" name="validateRegTitle" time="0.013"/>
</testsuite> <!-- Test -->
