<?xml version="1.0" encoding="UTF-8"?>
<!-- Generated by org.testng.reporters.JUnitXMLReporter -->
<testsuite ignored="0" hostname="LAPTOP-EK8R1102" failures="0" tests="23" name="Test" time="70.127" errors="0" timestamp="11 Nov 2021 02:08:51 GMT">
  <testcase classname="TestCases.WindowPage" name="validateWindowTitle" time="0.01"/>
  <testcase classname="TestCases.WindowPage" name="validatemultiplewindowTest" time="7.305"/>
  <testcase classname="TestCases.FramesPage" name="ValidateFramePagelogo" time="0.067"/>
  <testcase classname="TestCases.FramesPage" name="validateFrameTitle" time="0.411"/>
  <testcase classname="TestCases.FramesPage" name="validateFrames" time="14.331"/>
  <testcase classname="TestCases.Datepicker" name="Validatedatepicker" time="6.01"/>
  <testcase classname="TestCases.Datepicker" name="validateDateTitle" time="0.006"/>
  <testcase classname="TestCases.AlertPage" name="ValidateAlertPageTitle" time="0.011"/>
  <testcase classname="TestCases.AlertPage" name="validateAlertwithOK" time="0.054"/>
  <testcase classname="TestCases.AlertPage" name="validatealertwithokandcancel" time="0.104"/>
  <testcase classname="TestCases.AlertPage" name="validatealertwithtextbox" time="0.108"/>
  <testcase classname="TestCases.RegisterPage" name="ValidateFirstPassword" time="0.113"/>
  <testcase classname="TestCases.RegisterPage" name="ValidateSecondPassword" time="0.082"/>
  <testcase classname="TestCases.RegisterPage" name="ValidateTel" time="0.067"/>
  <testcase classname="TestCases.RegisterPage" name="Validate_DOB" time="0.158"/>
  <testcase classname="TestCases.RegisterPage" name="Validate_Hobbies" time="0.144"/>
  <testcase classname="TestCases.RegisterPage" name="Validate_Skill" time="0.072"/>
  <testcase classname="TestCases.RegisterPage" name="Validate_Submit_button" time="0.011"/>
  <testcase classname="TestCases.RegisterPage" name="Validateaddress" time="0.079"/>
  <testcase classname="TestCases.RegisterPage" name="Validategender" time="0.075"/>
  <testcase classname="TestCases.RegisterPage" name="validateEmailTest" time="0.149"/>
  <testcase classname="TestCases.RegisterPage" name="validateFirstLastNameTest" time="0.13"/>
  <testcase classname="TestCases.RegisterPage" name="validateRegTitle" time="0.005"/>
</testsuite> <!-- Test -->
